<?xml version="1.0" encoding="UTF-8"?><testsuite name="nosetests" tests="1" errors="1" failures="0" skip="0"><testcase classname="DynaPy.test_DynaSolver" name="test_assemble_force_matrix" time="0.000"><error type="builtins.OSError" message="./data_tests/force_matrix.csv not found.&#10;-------------------- &gt;&gt; begin captured logging &lt;&lt; --------------------&#10;matplotlib: DEBUG: $HOME=C:\Users\Lucas&#10;matplotlib: DEBUG: CONFIGDIR=C:\Users\Lucas\.matplotlib&#10;matplotlib: DEBUG: matplotlib data path: C:\Users\Lucas\AppData\Local\Programs\Python\Python37-32\lib\site-packages\matplotlib\mpl-data&#10;matplotlib: DEBUG: loaded rc file C:\Users\Lucas\AppData\Local\Programs\Python\Python37-32\lib\site-packages\matplotlib\mpl-data\matplotlibrc&#10;matplotlib: DEBUG: matplotlib version 3.0.2&#10;matplotlib: DEBUG: interactive is False&#10;matplotlib: DEBUG: platform is win32&#10;matplotlib: DEBUG: loaded modules: ['sys', 'builtins', '_frozen_importlib', '_imp', '_thread', '_warnings', '_weakref', 'zipimport', '_frozen_importlib_external', '_io', 'marshal', 'nt', 'winreg', 'encodings', 'codecs', '_codecs', 'encodings.aliases', 'encodings.utf_8', '_signal', '__main__', 'encodings.latin_1', 'io', 'abc', '_abc', 'site', 'os', 'stat', '_stat', 'ntpath', 'genericpath', 'os.path', '_collections_abc', '_sitebuiltins', '_bootlocale', '_locale', 'encodings.cp1252', 'types', 'importlib', 'importlib._bootstrap', 'importlib._bootstrap_external', 'warnings', 'importlib.util', 'importlib.abc', 'importlib.machinery', 'contextlib', 'collections', 'operator', '_operator', 'keyword', 'heapq', '_heapq', 'itertools', 'reprlib', '_collections', 'functools', '_functools', 'mpl_toolkits', 'traceback', 'linecache', 'tokenize', 're', 'enum', 'sre_compile', '_sre', 'sre_parse', 'sre_constants', 'copyreg', 'token', 'ptvsd', 'ptvsd._vendored', 'ptvsd._vendored._util', 'ptvsd._vendored.force_pydevd', '_pydevd_bundle', '_pydevd_bundle.pydevd_constants', '__future__', '_pydevd_bundle.pydevd_vm_type', 'platform', 'subprocess', 'time', 'signal', 'errno', 'threading', '_weakrefset', 'msvcrt', '_winapi', '_pydev_imps', '_pydev_imps._pydev_saved_modules', 'socket', '_socket', 'selectors', 'collections.abc', 'math', 'select', 'queue', '_queue', 'xmlrpc', 'xmlrpc.client', 'base64', 'struct', '_struct', 'binascii', 'datetime', '_datetime', 'decimal', 'numbers', '_decimal', 'http', 'http.client', 'email', 'email.parser', 'email.feedparser', 'email.errors', 'email._policybase', 'email.header', 'email.quoprimime', 'string', '_string', 'email.base64mime', 'email.charset', 'email.encoders', 'quopri', 'email.utils', 'random', 'hashlib', '_hashlib', '_blake2', '_sha3', 'bisect', '_bisect', '_random', 'urllib', 'urllib.parse', 'email._parseaddr', 'calendar', 'locale', 'email.message', 'uu', 'email._encoded_words', 'email.iterators', 'ssl', '_ssl', 'xml', 'xml.parsers', 'xml.parsers.expat', 'pyexpat.errors', 'pyexpat.model', 'pyexpat', 'xml.parsers.expat.model', 'xml.parsers.expat.errors', 'gzip', 'zlib', '_compression', 'xmlrpc.server', 'http.server', 'copy', 'weakref', 'html', 'html.entities', 'mimetypes', 'posixpath', 'shutil', 'fnmatch', 'bz2', '_bz2', 'lzma', '_lzma', 'socketserver', 'inspect', 'dis', 'opcode', '_opcode', 'pydoc', 'pkgutil', '_pydev_bundle', '_pydev_runfiles', '_pydevd_frame_eval', 'pydev_ipython', 'pydevd_concurrency_analyser', 'pydevd_plugins', 'pkg_resources', 'zipfile', 'plistlib', 'tempfile', 'textwrap', 'pkg_resources.extern', 'pkg_resources._vendor', 'pkg_resources.extern.six', 'pkg_resources._vendor.six', 'pkg_resources.extern.six.moves', 'pkg_resources._vendor.six.moves', 'pkg_resources.py31compat', 'ctypes', '_ctypes', 'ctypes._endian', 'pkg_resources.extern.appdirs', 'pkg_resources._vendor.packaging.__about__', 'pkg_resources.extern.packaging', 'pkg_resources.extern.packaging.version', 'pkg_resources.extern.packaging._structures', 'pkg_resources.extern.packaging.specifiers', 'pkg_resources.extern.packaging._compat', 'pkg_resources.extern.packaging.requirements', 'pprint', 'pkg_resources.extern.pyparsing', 'pkg_resources.extern.six.moves.urllib', 'pkg_resources.extern.packaging.markers', 'sysconfig', 'pydevd', 'atexit', '_pydev_bundle.fix_getpass', '_pydev_bundle.pydev_imports', '_pydev_imps._pydev_execfile', '_pydevd_bundle.pydevd_exec2', '_pydev_bundle.pydev_log', '_pydev_bundle._pydev_filesystem_encoding', '_pydev_bundle.pydev_is_thread_alive', '_pydev_bundle.pydev_override', '_pydevd_bundle.pydevd_extension_utils', 'pydevd_plugins.extensions', '_pydevd_bundle.pydevd_filtering', 'glob', 'pydevd_file_utils', '_pydevd_bundle.pydevd_comm_constants', 'json', 'json.decoder', 'json.scanner', '_json', 'json.encoder', 'ctypes.wintypes', '_pydevd_bundle.pydevd_io', '_pydevd_bundle.pydevd_utils', '_pydevd_bundle.pydevd_additional_thread_info', '_pydevd_bundle.pydevd_additional_thread_info_regular', '_pydevd_bundle.pydevd_frame', '_pydevd_bundle.pydevd_dont_trace', '_pydevd_bundle.pydevd_vars', 'pickle', '_compat_pickle', '_pickle', '_pydevd_bundle.pydevd_xml', '_pydevd_bundle.pydevd_resolver', '_pydevd_bundle.pydevd_safe_repr', '_pydevd_bundle.pydevd_extension_api', '_pydevd_bundle.pydevd_save_locals', '_pydevd_bundle.pydevd_frame_utils', '_pydevd_bundle.pydevd_signature', 'trace', 'gc', '_pydevd_bundle.pydevd_comm', '_pydev_bundle._pydev_completer', 'pydevconsole', 'code', 'codeop', 'getpass', '_pydev_bundle.pydev_console_utils', '_pydev_bundle._pydev_calltip_util', '_pydev_bundle._pydev_imports_tipper', '_pydev_bundle._pydev_tipper_common', '_pydev_bundle.pydev_umd', '_pydevd_bundle._debug_adapter', '_pydevd_bundle._debug_adapter.pydevd_schema', '_pydevd_bundle._debug_adapter.pydevd_base_schema', '_pydevd_bundle._debug_adapter.pydevd_schema_log', '_pydevd_bundle.pydevd_net_command', 'pydevd_tracing', '_pydevd_bundle.pydevd_console', '_pydev_bundle.pydev_monkey', '_pydevd_bundle.pydevd_breakpoints', '_pydevd_bundle.pydevd_import_class', '_pydevd_bundle.pydevd_custom_frames', '_pydevd_bundle.pydevd_dont_trace_files', '_pydevd_bundle.pydevd_kill_all_pydevd_threads', '_pydevd_bundle.pydevd_net_command_factory_xml', '_pydevd_bundle.pydevd_trace_dispatch', '_pydevd_bundle.pydevd_trace_dispatch_regular', '_pydevd_frame_eval.pydevd_frame_eval_main', 'pydevd_concurrency_analyser.pydevd_concurrency_logger', 'pydevd_concurrency_analyser.pydevd_thread_wrappers', 'asyncio', 'asyncio.base_events', 'concurrent', 'concurrent.futures', 'concurrent.futures._base', 'logging', 'asyncio.constants', 'asyncio.coroutines', 'asyncio.base_futures', 'asyncio.format_helpers', 'asyncio.log', 'asyncio.events', 'contextvars', '_contextvars', 'asyncio.base_tasks', '_asyncio', 'asyncio.futures', 'asyncio.protocols', 'asyncio.sslproto', 'asyncio.transports', 'asyncio.tasks', 'asyncio.locks', 'asyncio.runners', 'asyncio.queues', 'asyncio.streams', 'asyncio.subprocess', 'asyncio.windows_events', '_overlapped', 'asyncio.base_subprocess', 'asyncio.proactor_events', 'asyncio.selector_events', 'asyncio.windows_utils', '_pydevd_bundle.pydevd_collect_try_except_info', '_pydevd_bundle.pydevd_suspended_frames', '_pydevd_bundle.pydevd_plugin_utils', '_pydevd_bundle.pydevd_trace_api', 'pydevd_plugins.django_debug', 'pydevd_plugins.jinja2_debug', 'pydevd_plugins.extensions.types', 'pydevd_plugins.extensions.types.pydevd_plugin_numpy_types', 'pydevd_plugins.extensions.types.pydevd_helpers', 'pydevd_plugins.extensions.types.pydevd_plugins_django_form_str', 'ptvsd.version', 'ptvsd._version', 'ptvsd.attach_server', 'ptvsd.log', 'ptvsd.options', 'ptvsd._remote', 'ptvsd._util', 'ptvsd.pydevd_hooks', 'ptvsd.multiproc', 'ptvsd.socket', 'ptvsd.messaging', 'ptvsd.daemon', 'ptvsd.wrapper', 'ptvsd.compat', 'ptvsd.ipcjson', 'encodings.ascii', 'ptvsd.futures', 'ptvsd.reraise', 'ptvsd.reraise3', 'ptvsd.pathutils', 'ptvsd.exit_handlers', 'ptvsd.session', 'ptvsd.__main__', 'runpy', 'ptvsd.runner', '_pydevd_bundle.pydevd_process_net_command_json', '_pydevd_bundle.pydevd_api', '_pydevd_bundle.pydevd_net_command_factory_json', '_pydevd_bundle.pydevd_json_debug_options', '_pydevd_bundle.pydevd_process_net_command', '_pydevd_bundle.pydevd_traceproperty', 'nose', 'nose.core', 'unittest', 'unittest.result', 'unittest.util', 'unittest.case', 'difflib', 'unittest.suite', 'unittest.loader', 'unittest.main', 'argparse', 'gettext', 'unittest.runner', 'unittest.signals', 'nose.config', 'optparse', 'configparser', 'nose.util', 'nose.pyversion', 'nose.plugins', 'nose.plugins.base', 'nose.plugins.manager', 'nose.failure', 'nose.plugins.plugintest', 'multiprocessing', 'multiprocessing.context', 'multiprocessing.process', 'multiprocessing.reduction', '__mp_main__', 'nose.loader', 'nose.case', 'nose.importer', 'imp', 'nose.selector', 'nose.suite', 'nose.proxy', 'nose.result', 'nose.exc', 'nose.plugins.skip', 'nose.plugins.errorclass', 'nose.plugins.deprecated', 'nose.tools', 'nose.tools.nontrivial', 'nose.tools.trivial', 'nose.plugins.builtin', 'nose.plugins.attrib', 'nose.plugins.capture', 'nose.plugins.logcapture', 'nose.plugins.cover', 'nose.plugins.debug', 'pdb', 'cmd', 'bdb', 'nose.plugins.doctests', 'doctest', 'nose.plugins.isolate', 'nose.plugins.failuredetail', 'nose.inspector', 'nose.plugins.prof', 'nose.plugins.testid', 'nose.plugins.multiprocess', 'nose.plugins.xunit', 'xml.sax', 'xml.sax.xmlreader', 'xml.sax.handler', 'xml.sax._exceptions', 'xml.sax.saxutils', 'urllib.request', 'urllib.error', 'urllib.response', 'nturl2path', 'nose.plugins.allmodules', 'nose.plugins.collect', 'DynaPy', 'DynaPy.DpAnimationCanvas', 'PyQt5', 'sip', 'PyQt5.sip', 'PyQt5.QtCore', 'PyQt5.QtGui', 'PyQt5.QtWidgets', 'DynaPy.DpConfigurations', 'DynaPy.DpExcitation', 'numpy', 'numpy._globals', 'numpy.__config__', 'numpy.version', 'numpy._import_tools', 'numpy.add_newdocs', 'numpy.lib', 'numpy.lib.info', 'numpy.lib.type_check', 'numpy.core', 'numpy.core.info', 'numpy.core.multiarray', 'numpy.core.umath', 'numpy.core._internal', 'numpy.compat', 'numpy.compat._inspect', 'numpy.compat.py3k', 'pathlib', 'numpy.core.numerictypes', 'numpy.core.numeric', 'numpy.core.fromnumeric', 'numpy.core._methods', 'numpy.core.arrayprint', 'numpy.core.defchararray', 'numpy.core.records', 'numpy.core.memmap', 'numpy.core.function_base', 'numpy.core.machar', 'numpy.core.getlimits', 'numpy.core.shape_base', 'numpy.core.einsumfunc', 'numpy.testing', 'numpy.testing._private', 'numpy.testing._private.utils', 'numpy.lib.utils', 'numpy.testing._private.decorators', 'numpy.testing._private.nosetester', 'numpy.testing._private.pytesttester', 'numpy.lib.ufunclike', 'numpy.lib.index_tricks', 'numpy.lib.function_base', 'numpy.lib.twodim_base', 'numpy.lib.histograms', 'numpy.matrixlib', 'numpy.matrixlib.defmatrix', 'ast', '_ast', 'numpy.linalg', 'numpy.linalg.info', 'numpy.linalg.linalg', 'numpy.linalg.lapack_lite', 'numpy.linalg._umath_linalg', 'numpy.lib.stride_tricks', 'numpy.lib.mixins', 'numpy.lib.nanfunctions', 'numpy.lib.shape_base', 'numpy.lib.scimath', 'numpy.lib.polynomial', 'numpy.lib.arraysetops', 'numpy.lib.npyio', 'numpy.lib.format', 'numpy.lib._datasource', 'numpy.lib._iotools', 'numpy.lib.financial', 'numpy.lib.arrayterator', 'numpy.lib.arraypad', 'numpy.lib._version', 'numpy.core._multiarray_tests', 'numpy._distributor_init', 'numpy.fft', 'numpy.fft.info', 'numpy.fft.fftpack', 'numpy.fft.fftpack_lite', 'numpy.fft.helper', 'numpy.polynomial', 'numpy.polynomial.polynomial', 'numpy.polynomial.polyutils', 'numpy.polynomial._polybase', 'numpy.polynomial.chebyshev', 'numpy.polynomial.legendre', 'numpy.polynomial.hermite', 'numpy.polynomial.hermite_e', 'numpy.polynomial.laguerre', 'numpy.random', 'numpy.random.info', 'cython_runtime', 'mtrand', 'numpy.random.mtrand', 'numpy.ctypeslib', 'numpy.ma', 'numpy.ma.core', 'numpy.ma.extras', 'DynaPy.DpInputData', 'DynaPy.DpOutputData', 'DynaPy.DynaSolver', 'sympy', 'mpmath', 'mpmath.usertools', 'mpmath.ctx_fp', 'mpmath.ctx_base', 'mpmath.libmp', 'mpmath.libmp.libmpf', 'mpmath.libmp.backend', 'mpmath.libmp.six', 'mpmath.libmp.six.moves', 'mpmath.libmp.libintmath', 'mpmath.libmp.libmpc', 'mpmath.libmp.libelefun', 'mpmath.libmp.libhyper', 'mpmath.libmp.gammazeta', 'mpmath.libmp.libmpi', 'mpmath.functions', 'mpmath.functions.functions', 'cmath', 'mpmath.functions.factorials', 'mpmath.functions.hypergeometric', 'mpmath.functions.expintegrals', 'mpmath.functions.bessel', 'mpmath.functions.orthogonal', 'mpmath.functions.theta', 'mpmath.functions.elliptic', 'mpmath.functions.zeta', 'mpmath.functions.rszeta', 'mpmath.functions.zetazeros', 'mpmath.functions.qfunctions', 'mpmath.calculus', 'mpmath.calculus.calculus', 'mpmath.calculus.approximation', 'mpmath.calculus.differentiation', 'mpmath.calculus.extrapolation', 'mpmath.calculus.polynomials', 'mpmath.calculus.quadrature', 'mpmath.calculus.inverselaplace', 'mpmath.calculus.optimization', 'mpmath.calculus.odes', 'mpmath.matrices', 'mpmath.matrices.eigen', 'mpmath.matrices.eigen_symmetric', 'mpmath.matrices.matrices', 'mpmath.matrices.calculus', 'mpmath.matrices.linalg', 'mpmath.identification', 'mpmath.visualization', 'colorsys', 'mpmath.math2', 'mpmath.function_docs', 'mpmath.ctx_mp', 'mpmath.rational', 'mpmath.ctx_mp_python', 'mpmath.ctx_iv', 'sympy.release', 'sympy.core', 'sympy.core.sympify', 'sympy.core.core', 'sympy.core.compatibility', 'sympy.external', 'sympy.external.importtools', 'distutils', 'distutils.version', 'sympy.core.evaluate', 'sympy.core.cache', 'sympy.core.basic', 'sympy.core.assumptions', 'sympy.core.facts', 'sympy.core.logic', 'sympy.core.singleton', 'sympy.core.expr', 'sympy.core.evalf', 'sympy.utilities', 'sympy.utilities.iterables', 'sympy.utilities.enumerative', 'sympy.utilities.misc', 'sympy.utilities.lambdify', 'sympy.utilities.decorator', 'sympy.core.decorators', 'sympy.utilities.source', 'sympy.utilities.exceptions', 'sympy.utilities.runtests', 'timeit', 'sympy.utilities.timeutils', 'sympy.core.mul', 'sympy.core.operations', 'sympy.core.numbers', 'fractions', 'sympy.core.containers', 'sympy.core.power', 'sympy.core.function', 'sympy.core.add', 'sympy.core.rules', 'sympy.core.symbol', 'sympy.logic', 'sympy.logic.boolalg', 'sympy.logic.inference', 'sympy.core.mod', 'sympy.core.exprtools', 'sympy.core.coreerrors', 'sympy.core.relational', 'sympy.core.multidimensional', 'sympy.assumptions', 'sympy.assumptions.assume', 'sympy.assumptions.ask', 'sympy.assumptions.ask_generated', 'sympy.assumptions.refine', 'sympy.polys', 'sympy.polys.polytools', 'sympy.polys.polyclasses', 'sympy.polys.polyutils', 'sympy.polys.polyerrors', 'sympy.polys.polyoptions', 'sympy.polys.densebasic', 'sympy.polys.monomials', 'sympy.polys.orderings', 'sympy.polys.densearith', 'sympy.polys.densetools', 'sympy.polys.euclidtools', 'sympy.polys.galoistools', 'sympy.polys.polyconfig', 'sympy.ntheory', 'sympy.ntheory.generate', 'array', 'sympy.ntheory.primetest', 'sympy.ntheory.factor_', 'sympy.ntheory.partitions_', 'sympy.ntheory.residue_ntheory', 'sympy.ntheory.multinomial', 'sympy.ntheory.continued_fraction', 'sympy.ntheory.egyptian_fraction', 'sympy.polys.sqfreetools', 'sympy.polys.factortools', 'sympy.polys.rootisolation', 'sympy.polys.rationaltools', 'sympy.polys.groebnertools', 'sympy.polys.fglmtools', 'sympy.polys.domains', 'sympy.polys.domains.domain', 'sympy.polys.domains.domainelement', 'sympy.polys.domains.finitefield', 'sympy.polys.domains.field', 'sympy.polys.domains.ring', 'sympy.polys.domains.simpledomain', 'sympy.polys.domains.groundtypes', 'sympy.polys.domains.pythonrational', 'sympy.printing', 'sympy.printing.pretty', 'sympy.printing.pretty.pretty', 'sympy.printing.precedence', 'sympy.printing.printer', 'sympy.printing.str', 'sympy.printing.conventions', 'sympy.printing.pretty.stringpict', 'sympy.printing.pretty.pretty_symbology', 'unicodedata', 'sympy.core.alphabets', 'sympy.printing.latex', 'sympy.printing.mathml', 'sympy.printing.python', 'sympy.printing.repr', 'sympy.printing.pycode', 'sympy.printing.codeprinter', 'sympy.codegen', 'sympy.codegen.ast', 'sympy.printing.ccode', 'sympy.sets', 'sympy.sets.sets', 'sympy.sets.contains', 'sympy.multipledispatch', 'sympy.multipledispatch.core', 'sympy.multipledispatch.dispatcher', 'sympy.multipledispatch.conflict', 'sympy.multipledispatch.utils', 'sympy.sets.fancysets', 'sympy.sets.conditionset', 'sympy.sets.ordinals', 'sympy.printing.glsl', 'sympy.printing.cxxcode', 'sympy.printing.fcode', 'sympy.codegen.fnodes', 'sympy.printing.rcode', 'sympy.printing.jscode', 'sympy.printing.julia', 'sympy.printing.mathematica', 'sympy.printing.octave', 'sympy.printing.rust', 'sympy.printing.gtk', 'sympy.printing.preview', 'sympy.printing.tree', 'sympy.printing.tableform', 'sympy.printing.dot', 'sympy.printing.defaults', 'sympy.polys.domains.modularinteger', 'sympy.polys.domains.integerring', 'sympy.polys.domains.characteristiczero', 'sympy.polys.domains.rationalfield', 'sympy.polys.domains.realfield', 'sympy.polys.domains.mpelements', 'sympy.polys.domains.complexfield', 'sympy.polys.domains.pythonfinitefield', 'sympy.polys.domains.pythonintegerring', 'sympy.polys.domains.gmpyfinitefield', 'sympy.polys.domains.gmpyintegerring', 'sympy.polys.domains.pythonrationalfield', 'sympy.polys.domains.gmpyrationalfield', 'sympy.polys.domains.algebraicfield', 'sympy.polys.domains.polynomialring', 'sympy.polys.domains.compositedomain', 'sympy.polys.domains.fractionfield', 'sympy.polys.domains.expressiondomain', 'sympy.polys.constructor', 'sympy.polys.polyfuncs', 'sympy.polys.specialpolys', 'sympy.functions', 'sympy.functions.combinatorial', 'sympy.functions.combinatorial.factorials', 'sympy.functions.combinatorial.numbers', 'sympy.functions.elementary', 'sympy.functions.elementary.complexes', 'sympy.functions.elementary.miscellaneous', 'sympy.functions.elementary.integers', 'sympy.functions.elementary.piecewise', 'sympy.functions.elementary.exponential', 'sympy.functions.elementary.trigonometric', 'sympy.functions.elementary.hyperbolic', 'sympy.utilities.memoization', 'sympy.functions.special', 'sympy.functions.special.gamma_functions', 'sympy.functions.special.zeta_functions', 'sympy.functions.special.error_functions', 'sympy.functions.special.hyper', 'sympy.functions.special.tensor_functions', 'sympy.functions.special.delta_functions', 'sympy.functions.special.elliptic_integrals', 'sympy.functions.special.beta_functions', 'sympy.functions.special.mathieu_functions', 'sympy.functions.special.singularity_functions', 'sympy.functions.special.polynomials', 'sympy.polys.orthopolys', 'sympy.functions.special.bsplines', 'sympy.functions.special.bessel', 'sympy.functions.special.spherical_harmonics', 'sympy.polys.rings', 'sympy.polys.heuristicgcd', 'sympy.polys.compatibility', 'sympy.utilities.magic', 'sympy.polys.numberfields', 'sympy.polys.rootoftools', 'sympy.polys.polyroots', 'sympy.polys.polyquinticconst', 'sympy.simplify', 'sympy.simplify.simplify', 'sympy.simplify.radsimp', 'sympy.simplify.sqrtdenest', 'sympy.simplify.trigsimp', 'sympy.strategies', 'sympy.strategies.rl', 'sympy.strategies.util', 'sympy.strategies.traverse', 'sympy.strategies.core', 'sympy.strategies.tools', 'sympy.strategies.branch', 'sympy.strategies.branch.traverse', 'sympy.strategies.branch.core', 'sympy.strategies.branch.tools', 'sympy.strategies.tree', 'sympy.simplify.powsimp', 'sympy.simplify.cse_opts', 'sympy.simplify.combsimp', 'sympy.simplify.gammasimp', 'sympy.simplify.fu', 'sympy.simplify.cse_main', 'sympy.simplify.traversaltools', 'sympy.simplify.epathtools', 'sympy.simplify.hyperexpand', 'sympy.series', 'sympy.series.order', 'sympy.series.limits', 'sympy.series.gruntz', 'sympy.simplify.ratsimp', 'sympy.series.series', 'sympy.series.approximants', 'sympy.series.residues', 'sympy.series.sequences', 'sympy.tensor', 'sympy.tensor.indexed', 'sympy.tensor.index_methods', 'sympy.tensor.array', 'sympy.tensor.array.dense_ndim_array', 'sympy.tensor.array.mutable_ndim_array', 'sympy.tensor.array.ndim_array', 'sympy.tensor.array.sparse_ndim_array', 'sympy.tensor.array.arrayop', 'sympy.series.fourier', 'sympy.series.series_class', 'sympy.series.formal', 'sympy.series.limitseq', 'sympy.polys.ring_series', 'sympy.printing.lambdarepr', 'sympy.polys.partfrac', 'sympy.matrices', 'sympy.matrices.matrices', 'sympy.matrices.common', 'sympy.matrices.dense', 'sympy.matrices.sparse', 'sympy.matrices.immutable', 'sympy.matrices.expressions', 'sympy.matrices.expressions.slice', 'sympy.matrices.expressions.matexpr', 'sympy.matrices.expressions.matmul', 'sympy.matrices.expressions.transpose', 'sympy.matrices.expressions.matadd', 'sympy.matrices.expressions.matpow', 'sympy.matrices.expressions.inverse', 'sympy.matrices.expressions.blockmatrix', 'sympy.matrices.expressions.trace', 'sympy.matrices.expressions.determinant', 'sympy.matrices.expressions.funcmatrix', 'sympy.matrices.expressions.adjoint', 'sympy.matrices.expressions.hadamard', 'sympy.matrices.expressions.diagonal', 'sympy.matrices.expressions.dotproduct', 'sympy.matrices.expressions.kronecker', 'sympy.polys.fields', 'sympy.concrete', 'sympy.concrete.products', 'sympy.concrete.expr_with_intlimits', 'sympy.concrete.expr_with_limits', 'sympy.concrete.summations', 'sympy.calculus', 'sympy.calculus.euler', 'sympy.calculus.singularities', 'sympy.solvers', 'sympy.solvers.solvers', 'sympy.integrals', 'sympy.integrals.integrals', 'sympy.integrals.manualintegrate', 'sympy.integrals.trigonometry', 'sympy.integrals.meijerint', 'sympy.integrals.transforms', 'sympy.solvers.inequalities', 'sympy.integrals.singularityfunctions', 'sympy.solvers.polysys', 'sympy.solvers.bivariate', 'sympy.solvers.diophantine', 'sympy.solvers.solveset', 'sympy.calculus.util', 'sympy.solvers.recurr', 'sympy.solvers.ode', 'sympy.solvers.pde', 'sympy.solvers.deutils', 'sympy.solvers.decompogen', 'sympy.calculus.finite_diff', 'sympy.concrete.gosper', 'sympy.discrete', 'sympy.discrete.transforms', 'sympy.discrete.convolutions', 'sympy.geometry', 'sympy.geometry.point', 'sympy.geometry.exceptions', 'sympy.geometry.entity', 'sympy.sets.handlers', 'sympy.sets.handlers.union', 'sympy.sets.handlers.intersection', 'sympy.geometry.line', 'sympy.geometry.plane', 'sympy.geometry.ellipse', 'sympy.geometry.util', 'sympy.geometry.polygon', 'sympy.geometry.curve', 'sympy.geometry.parabola', 'sympy.parsing', 'sympy.algebras', 'sympy.algebras.quaternion', 'sympy.plotting', 'sympy.plotting.plot', 'sympy.plotting.experimental_lambdify', 'sympy.plotting.textplot', 'sympy.plotting.plot_implicit', 'sympy.plotting.intervalmath', 'sympy.plotting.intervalmath.interval_arithmetic', 'sympy.plotting.intervalmath.lib_interval', 'sympy.plotting.pygletplot', 'sympy.interactive', 'sympy.interactive.printing', 'sympy.interactive.session', 'sympy.deprecated', 'sympy.deprecated.class_registry', 'DynaPy.DpOutputDMF', 'DynaPy.DpPltCanvas', 'matplotlib', 'matplotlib.cbook', 'matplotlib.cbook.deprecation', 'matplotlib.rcsetup', 'matplotlib.fontconfig_pattern', 'pyparsing', 'matplotlib.colors', 'matplotlib._color_data', 'cycler', 'six', 'six.moves', 'matplotlib._version', 'dateutil', 'dateutil._version']&#10;matplotlib: DEBUG: CACHEDIR=C:\Users\Lucas\.matplotlib&#10;matplotlib.font_manager: DEBUG: Using fontManager instance from C:\Users\Lucas\.matplotlib\fontlist-v300.json&#10;--------------------- &gt;&gt; end captured logging &lt;&lt; ---------------------"><![CDATA[  File "C:\Users\Lucas\AppData\Local\Programs\Python\Python37-32\lib\unittest\case.py", line 59, in testPartExecutor
    yield
  File "C:\Users\Lucas\AppData\Local\Programs\Python\Python37-32\lib\unittest\case.py", line 615, in run
    testMethod()
  File "C:\Users\Lucas\AppData\Roaming\Python\Python37\site-packages\nose\case.py", line 198, in runTest
    self.test(*self.arg)
  File "c:\Users\Lucas\Desktop\DynaPy - arquivos github\DynaPy-master\DynaPy\test_DynaSolver.py", line 9, in test_assemble_force_matrix
    answer = np.genfromtxt(r'./data_tests/force_matrix.csv', delimiter='\t')
  File "C:\Users\Lucas\AppData\Local\Programs\Python\Python37-32\lib\site-packages\numpy\lib\npyio.py", line 1700, in genfromtxt
    fhd = iter(np.lib._datasource.open(fname, 'rt', encoding=encoding))
  File "C:\Users\Lucas\AppData\Local\Programs\Python\Python37-32\lib\site-packages\numpy\lib\_datasource.py", line 262, in open
    return ds.open(path, mode, encoding=encoding, newline=newline)
  File "C:\Users\Lucas\AppData\Local\Programs\Python\Python37-32\lib\site-packages\numpy\lib\_datasource.py", line 618, in open
    raise IOError("%s not found." % path)
./data_tests/force_matrix.csv not found.
-------------------- >> begin captured logging << --------------------
matplotlib: DEBUG: $HOME=C:\Users\Lucas
matplotlib: DEBUG: CONFIGDIR=C:\Users\Lucas\.matplotlib
matplotlib: DEBUG: matplotlib data path: C:\Users\Lucas\AppData\Local\Programs\Python\Python37-32\lib\site-packages\matplotlib\mpl-data
matplotlib: DEBUG: loaded rc file C:\Users\Lucas\AppData\Local\Programs\Python\Python37-32\lib\site-packages\matplotlib\mpl-data\matplotlibrc
matplotlib: DEBUG: matplotlib version 3.0.2
matplotlib: DEBUG: interactive is False
matplotlib: DEBUG: platform is win32
matplotlib: DEBUG: loaded modules: ['sys', 'builtins', '_frozen_importlib', '_imp', '_thread', '_warnings', '_weakref', 'zipimport', '_frozen_importlib_external', '_io', 'marshal', 'nt', 'winreg', 'encodings', 'codecs', '_codecs', 'encodings.aliases', 'encodings.utf_8', '_signal', '__main__', 'encodings.latin_1', 'io', 'abc', '_abc', 'site', 'os', 'stat', '_stat', 'ntpath', 'genericpath', 'os.path', '_collections_abc', '_sitebuiltins', '_bootlocale', '_locale', 'encodings.cp1252', 'types', 'importlib', 'importlib._bootstrap', 'importlib._bootstrap_external', 'warnings', 'importlib.util', 'importlib.abc', 'importlib.machinery', 'contextlib', 'collections', 'operator', '_operator', 'keyword', 'heapq', '_heapq', 'itertools', 'reprlib', '_collections', 'functools', '_functools', 'mpl_toolkits', 'traceback', 'linecache', 'tokenize', 're', 'enum', 'sre_compile', '_sre', 'sre_parse', 'sre_constants', 'copyreg', 'token', 'ptvsd', 'ptvsd._vendored', 'ptvsd._vendored._util', 'ptvsd._vendored.force_pydevd', '_pydevd_bundle', '_pydevd_bundle.pydevd_constants', '__future__', '_pydevd_bundle.pydevd_vm_type', 'platform', 'subprocess', 'time', 'signal', 'errno', 'threading', '_weakrefset', 'msvcrt', '_winapi', '_pydev_imps', '_pydev_imps._pydev_saved_modules', 'socket', '_socket', 'selectors', 'collections.abc', 'math', 'select', 'queue', '_queue', 'xmlrpc', 'xmlrpc.client', 'base64', 'struct', '_struct', 'binascii', 'datetime', '_datetime', 'decimal', 'numbers', '_decimal', 'http', 'http.client', 'email', 'email.parser', 'email.feedparser', 'email.errors', 'email._policybase', 'email.header', 'email.quoprimime', 'string', '_string', 'email.base64mime', 'email.charset', 'email.encoders', 'quopri', 'email.utils', 'random', 'hashlib', '_hashlib', '_blake2', '_sha3', 'bisect', '_bisect', '_random', 'urllib', 'urllib.parse', 'email._parseaddr', 'calendar', 'locale', 'email.message', 'uu', 'email._encoded_words', 'email.iterators', 'ssl', '_ssl', 'xml', 'xml.parsers', 'xml.parsers.expat', 'pyexpat.errors', 'pyexpat.model', 'pyexpat', 'xml.parsers.expat.model', 'xml.parsers.expat.errors', 'gzip', 'zlib', '_compression', 'xmlrpc.server', 'http.server', 'copy', 'weakref', 'html', 'html.entities', 'mimetypes', 'posixpath', 'shutil', 'fnmatch', 'bz2', '_bz2', 'lzma', '_lzma', 'socketserver', 'inspect', 'dis', 'opcode', '_opcode', 'pydoc', 'pkgutil', '_pydev_bundle', '_pydev_runfiles', '_pydevd_frame_eval', 'pydev_ipython', 'pydevd_concurrency_analyser', 'pydevd_plugins', 'pkg_resources', 'zipfile', 'plistlib', 'tempfile', 'textwrap', 'pkg_resources.extern', 'pkg_resources._vendor', 'pkg_resources.extern.six', 'pkg_resources._vendor.six', 'pkg_resources.extern.six.moves', 'pkg_resources._vendor.six.moves', 'pkg_resources.py31compat', 'ctypes', '_ctypes', 'ctypes._endian', 'pkg_resources.extern.appdirs', 'pkg_resources._vendor.packaging.__about__', 'pkg_resources.extern.packaging', 'pkg_resources.extern.packaging.version', 'pkg_resources.extern.packaging._structures', 'pkg_resources.extern.packaging.specifiers', 'pkg_resources.extern.packaging._compat', 'pkg_resources.extern.packaging.requirements', 'pprint', 'pkg_resources.extern.pyparsing', 'pkg_resources.extern.six.moves.urllib', 'pkg_resources.extern.packaging.markers', 'sysconfig', 'pydevd', 'atexit', '_pydev_bundle.fix_getpass', '_pydev_bundle.pydev_imports', '_pydev_imps._pydev_execfile', '_pydevd_bundle.pydevd_exec2', '_pydev_bundle.pydev_log', '_pydev_bundle._pydev_filesystem_encoding', '_pydev_bundle.pydev_is_thread_alive', '_pydev_bundle.pydev_override', '_pydevd_bundle.pydevd_extension_utils', 'pydevd_plugins.extensions', '_pydevd_bundle.pydevd_filtering', 'glob', 'pydevd_file_utils', '_pydevd_bundle.pydevd_comm_constants', 'json', 'json.decoder', 'json.scanner', '_json', 'json.encoder', 'ctypes.wintypes', '_pydevd_bundle.pydevd_io', '_pydevd_bundle.pydevd_utils', '_pydevd_bundle.pydevd_additional_thread_info', '_pydevd_bundle.pydevd_additional_thread_info_regular', '_pydevd_bundle.pydevd_frame', '_pydevd_bundle.pydevd_dont_trace', '_pydevd_bundle.pydevd_vars', 'pickle', '_compat_pickle', '_pickle', '_pydevd_bundle.pydevd_xml', '_pydevd_bundle.pydevd_resolver', '_pydevd_bundle.pydevd_safe_repr', '_pydevd_bundle.pydevd_extension_api', '_pydevd_bundle.pydevd_save_locals', '_pydevd_bundle.pydevd_frame_utils', '_pydevd_bundle.pydevd_signature', 'trace', 'gc', '_pydevd_bundle.pydevd_comm', '_pydev_bundle._pydev_completer', 'pydevconsole', 'code', 'codeop', 'getpass', '_pydev_bundle.pydev_console_utils', '_pydev_bundle._pydev_calltip_util', '_pydev_bundle._pydev_imports_tipper', '_pydev_bundle._pydev_tipper_common', '_pydev_bundle.pydev_umd', '_pydevd_bundle._debug_adapter', '_pydevd_bundle._debug_adapter.pydevd_schema', '_pydevd_bundle._debug_adapter.pydevd_base_schema', '_pydevd_bundle._debug_adapter.pydevd_schema_log', '_pydevd_bundle.pydevd_net_command', 'pydevd_tracing', '_pydevd_bundle.pydevd_console', '_pydev_bundle.pydev_monkey', '_pydevd_bundle.pydevd_breakpoints', '_pydevd_bundle.pydevd_import_class', '_pydevd_bundle.pydevd_custom_frames', '_pydevd_bundle.pydevd_dont_trace_files', '_pydevd_bundle.pydevd_kill_all_pydevd_threads', '_pydevd_bundle.pydevd_net_command_factory_xml', '_pydevd_bundle.pydevd_trace_dispatch', '_pydevd_bundle.pydevd_trace_dispatch_regular', '_pydevd_frame_eval.pydevd_frame_eval_main', 'pydevd_concurrency_analyser.pydevd_concurrency_logger', 'pydevd_concurrency_analyser.pydevd_thread_wrappers', 'asyncio', 'asyncio.base_events', 'concurrent', 'concurrent.futures', 'concurrent.futures._base', 'logging', 'asyncio.constants', 'asyncio.coroutines', 'asyncio.base_futures', 'asyncio.format_helpers', 'asyncio.log', 'asyncio.events', 'contextvars', '_contextvars', 'asyncio.base_tasks', '_asyncio', 'asyncio.futures', 'asyncio.protocols', 'asyncio.sslproto', 'asyncio.transports', 'asyncio.tasks', 'asyncio.locks', 'asyncio.runners', 'asyncio.queues', 'asyncio.streams', 'asyncio.subprocess', 'asyncio.windows_events', '_overlapped', 'asyncio.base_subprocess', 'asyncio.proactor_events', 'asyncio.selector_events', 'asyncio.windows_utils', '_pydevd_bundle.pydevd_collect_try_except_info', '_pydevd_bundle.pydevd_suspended_frames', '_pydevd_bundle.pydevd_plugin_utils', '_pydevd_bundle.pydevd_trace_api', 'pydevd_plugins.django_debug', 'pydevd_plugins.jinja2_debug', 'pydevd_plugins.extensions.types', 'pydevd_plugins.extensions.types.pydevd_plugin_numpy_types', 'pydevd_plugins.extensions.types.pydevd_helpers', 'pydevd_plugins.extensions.types.pydevd_plugins_django_form_str', 'ptvsd.version', 'ptvsd._version', 'ptvsd.attach_server', 'ptvsd.log', 'ptvsd.options', 'ptvsd._remote', 'ptvsd._util', 'ptvsd.pydevd_hooks', 'ptvsd.multiproc', 'ptvsd.socket', 'ptvsd.messaging', 'ptvsd.daemon', 'ptvsd.wrapper', 'ptvsd.compat', 'ptvsd.ipcjson', 'encodings.ascii', 'ptvsd.futures', 'ptvsd.reraise', 'ptvsd.reraise3', 'ptvsd.pathutils', 'ptvsd.exit_handlers', 'ptvsd.session', 'ptvsd.__main__', 'runpy', 'ptvsd.runner', '_pydevd_bundle.pydevd_process_net_command_json', '_pydevd_bundle.pydevd_api', '_pydevd_bundle.pydevd_net_command_factory_json', '_pydevd_bundle.pydevd_json_debug_options', '_pydevd_bundle.pydevd_process_net_command', '_pydevd_bundle.pydevd_traceproperty', 'nose', 'nose.core', 'unittest', 'unittest.result', 'unittest.util', 'unittest.case', 'difflib', 'unittest.suite', 'unittest.loader', 'unittest.main', 'argparse', 'gettext', 'unittest.runner', 'unittest.signals', 'nose.config', 'optparse', 'configparser', 'nose.util', 'nose.pyversion', 'nose.plugins', 'nose.plugins.base', 'nose.plugins.manager', 'nose.failure', 'nose.plugins.plugintest', 'multiprocessing', 'multiprocessing.context', 'multiprocessing.process', 'multiprocessing.reduction', '__mp_main__', 'nose.loader', 'nose.case', 'nose.importer', 'imp', 'nose.selector', 'nose.suite', 'nose.proxy', 'nose.result', 'nose.exc', 'nose.plugins.skip', 'nose.plugins.errorclass', 'nose.plugins.deprecated', 'nose.tools', 'nose.tools.nontrivial', 'nose.tools.trivial', 'nose.plugins.builtin', 'nose.plugins.attrib', 'nose.plugins.capture', 'nose.plugins.logcapture', 'nose.plugins.cover', 'nose.plugins.debug', 'pdb', 'cmd', 'bdb', 'nose.plugins.doctests', 'doctest', 'nose.plugins.isolate', 'nose.plugins.failuredetail', 'nose.inspector', 'nose.plugins.prof', 'nose.plugins.testid', 'nose.plugins.multiprocess', 'nose.plugins.xunit', 'xml.sax', 'xml.sax.xmlreader', 'xml.sax.handler', 'xml.sax._exceptions', 'xml.sax.saxutils', 'urllib.request', 'urllib.error', 'urllib.response', 'nturl2path', 'nose.plugins.allmodules', 'nose.plugins.collect', 'DynaPy', 'DynaPy.DpAnimationCanvas', 'PyQt5', 'sip', 'PyQt5.sip', 'PyQt5.QtCore', 'PyQt5.QtGui', 'PyQt5.QtWidgets', 'DynaPy.DpConfigurations', 'DynaPy.DpExcitation', 'numpy', 'numpy._globals', 'numpy.__config__', 'numpy.version', 'numpy._import_tools', 'numpy.add_newdocs', 'numpy.lib', 'numpy.lib.info', 'numpy.lib.type_check', 'numpy.core', 'numpy.core.info', 'numpy.core.multiarray', 'numpy.core.umath', 'numpy.core._internal', 'numpy.compat', 'numpy.compat._inspect', 'numpy.compat.py3k', 'pathlib', 'numpy.core.numerictypes', 'numpy.core.numeric', 'numpy.core.fromnumeric', 'numpy.core._methods', 'numpy.core.arrayprint', 'numpy.core.defchararray', 'numpy.core.records', 'numpy.core.memmap', 'numpy.core.function_base', 'numpy.core.machar', 'numpy.core.getlimits', 'numpy.core.shape_base', 'numpy.core.einsumfunc', 'numpy.testing', 'numpy.testing._private', 'numpy.testing._private.utils', 'numpy.lib.utils', 'numpy.testing._private.decorators', 'numpy.testing._private.nosetester', 'numpy.testing._private.pytesttester', 'numpy.lib.ufunclike', 'numpy.lib.index_tricks', 'numpy.lib.function_base', 'numpy.lib.twodim_base', 'numpy.lib.histograms', 'numpy.matrixlib', 'numpy.matrixlib.defmatrix', 'ast', '_ast', 'numpy.linalg', 'numpy.linalg.info', 'numpy.linalg.linalg', 'numpy.linalg.lapack_lite', 'numpy.linalg._umath_linalg', 'numpy.lib.stride_tricks', 'numpy.lib.mixins', 'numpy.lib.nanfunctions', 'numpy.lib.shape_base', 'numpy.lib.scimath', 'numpy.lib.polynomial', 'numpy.lib.arraysetops', 'numpy.lib.npyio', 'numpy.lib.format', 'numpy.lib._datasource', 'numpy.lib._iotools', 'numpy.lib.financial', 'numpy.lib.arrayterator', 'numpy.lib.arraypad', 'numpy.lib._version', 'numpy.core._multiarray_tests', 'numpy._distributor_init', 'numpy.fft', 'numpy.fft.info', 'numpy.fft.fftpack', 'numpy.fft.fftpack_lite', 'numpy.fft.helper', 'numpy.polynomial', 'numpy.polynomial.polynomial', 'numpy.polynomial.polyutils', 'numpy.polynomial._polybase', 'numpy.polynomial.chebyshev', 'numpy.polynomial.legendre', 'numpy.polynomial.hermite', 'numpy.polynomial.hermite_e', 'numpy.polynomial.laguerre', 'numpy.random', 'numpy.random.info', 'cython_runtime', 'mtrand', 'numpy.random.mtrand', 'numpy.ctypeslib', 'numpy.ma', 'numpy.ma.core', 'numpy.ma.extras', 'DynaPy.DpInputData', 'DynaPy.DpOutputData', 'DynaPy.DynaSolver', 'sympy', 'mpmath', 'mpmath.usertools', 'mpmath.ctx_fp', 'mpmath.ctx_base', 'mpmath.libmp', 'mpmath.libmp.libmpf', 'mpmath.libmp.backend', 'mpmath.libmp.six', 'mpmath.libmp.six.moves', 'mpmath.libmp.libintmath', 'mpmath.libmp.libmpc', 'mpmath.libmp.libelefun', 'mpmath.libmp.libhyper', 'mpmath.libmp.gammazeta', 'mpmath.libmp.libmpi', 'mpmath.functions', 'mpmath.functions.functions', 'cmath', 'mpmath.functions.factorials', 'mpmath.functions.hypergeometric', 'mpmath.functions.expintegrals', 'mpmath.functions.bessel', 'mpmath.functions.orthogonal', 'mpmath.functions.theta', 'mpmath.functions.elliptic', 'mpmath.functions.zeta', 'mpmath.functions.rszeta', 'mpmath.functions.zetazeros', 'mpmath.functions.qfunctions', 'mpmath.calculus', 'mpmath.calculus.calculus', 'mpmath.calculus.approximation', 'mpmath.calculus.differentiation', 'mpmath.calculus.extrapolation', 'mpmath.calculus.polynomials', 'mpmath.calculus.quadrature', 'mpmath.calculus.inverselaplace', 'mpmath.calculus.optimization', 'mpmath.calculus.odes', 'mpmath.matrices', 'mpmath.matrices.eigen', 'mpmath.matrices.eigen_symmetric', 'mpmath.matrices.matrices', 'mpmath.matrices.calculus', 'mpmath.matrices.linalg', 'mpmath.identification', 'mpmath.visualization', 'colorsys', 'mpmath.math2', 'mpmath.function_docs', 'mpmath.ctx_mp', 'mpmath.rational', 'mpmath.ctx_mp_python', 'mpmath.ctx_iv', 'sympy.release', 'sympy.core', 'sympy.core.sympify', 'sympy.core.core', 'sympy.core.compatibility', 'sympy.external', 'sympy.external.importtools', 'distutils', 'distutils.version', 'sympy.core.evaluate', 'sympy.core.cache', 'sympy.core.basic', 'sympy.core.assumptions', 'sympy.core.facts', 'sympy.core.logic', 'sympy.core.singleton', 'sympy.core.expr', 'sympy.core.evalf', 'sympy.utilities', 'sympy.utilities.iterables', 'sympy.utilities.enumerative', 'sympy.utilities.misc', 'sympy.utilities.lambdify', 'sympy.utilities.decorator', 'sympy.core.decorators', 'sympy.utilities.source', 'sympy.utilities.exceptions', 'sympy.utilities.runtests', 'timeit', 'sympy.utilities.timeutils', 'sympy.core.mul', 'sympy.core.operations', 'sympy.core.numbers', 'fractions', 'sympy.core.containers', 'sympy.core.power', 'sympy.core.function', 'sympy.core.add', 'sympy.core.rules', 'sympy.core.symbol', 'sympy.logic', 'sympy.logic.boolalg', 'sympy.logic.inference', 'sympy.core.mod', 'sympy.core.exprtools', 'sympy.core.coreerrors', 'sympy.core.relational', 'sympy.core.multidimensional', 'sympy.assumptions', 'sympy.assumptions.assume', 'sympy.assumptions.ask', 'sympy.assumptions.ask_generated', 'sympy.assumptions.refine', 'sympy.polys', 'sympy.polys.polytools', 'sympy.polys.polyclasses', 'sympy.polys.polyutils', 'sympy.polys.polyerrors', 'sympy.polys.polyoptions', 'sympy.polys.densebasic', 'sympy.polys.monomials', 'sympy.polys.orderings', 'sympy.polys.densearith', 'sympy.polys.densetools', 'sympy.polys.euclidtools', 'sympy.polys.galoistools', 'sympy.polys.polyconfig', 'sympy.ntheory', 'sympy.ntheory.generate', 'array', 'sympy.ntheory.primetest', 'sympy.ntheory.factor_', 'sympy.ntheory.partitions_', 'sympy.ntheory.residue_ntheory', 'sympy.ntheory.multinomial', 'sympy.ntheory.continued_fraction', 'sympy.ntheory.egyptian_fraction', 'sympy.polys.sqfreetools', 'sympy.polys.factortools', 'sympy.polys.rootisolation', 'sympy.polys.rationaltools', 'sympy.polys.groebnertools', 'sympy.polys.fglmtools', 'sympy.polys.domains', 'sympy.polys.domains.domain', 'sympy.polys.domains.domainelement', 'sympy.polys.domains.finitefield', 'sympy.polys.domains.field', 'sympy.polys.domains.ring', 'sympy.polys.domains.simpledomain', 'sympy.polys.domains.groundtypes', 'sympy.polys.domains.pythonrational', 'sympy.printing', 'sympy.printing.pretty', 'sympy.printing.pretty.pretty', 'sympy.printing.precedence', 'sympy.printing.printer', 'sympy.printing.str', 'sympy.printing.conventions', 'sympy.printing.pretty.stringpict', 'sympy.printing.pretty.pretty_symbology', 'unicodedata', 'sympy.core.alphabets', 'sympy.printing.latex', 'sympy.printing.mathml', 'sympy.printing.python', 'sympy.printing.repr', 'sympy.printing.pycode', 'sympy.printing.codeprinter', 'sympy.codegen', 'sympy.codegen.ast', 'sympy.printing.ccode', 'sympy.sets', 'sympy.sets.sets', 'sympy.sets.contains', 'sympy.multipledispatch', 'sympy.multipledispatch.core', 'sympy.multipledispatch.dispatcher', 'sympy.multipledispatch.conflict', 'sympy.multipledispatch.utils', 'sympy.sets.fancysets', 'sympy.sets.conditionset', 'sympy.sets.ordinals', 'sympy.printing.glsl', 'sympy.printing.cxxcode', 'sympy.printing.fcode', 'sympy.codegen.fnodes', 'sympy.printing.rcode', 'sympy.printing.jscode', 'sympy.printing.julia', 'sympy.printing.mathematica', 'sympy.printing.octave', 'sympy.printing.rust', 'sympy.printing.gtk', 'sympy.printing.preview', 'sympy.printing.tree', 'sympy.printing.tableform', 'sympy.printing.dot', 'sympy.printing.defaults', 'sympy.polys.domains.modularinteger', 'sympy.polys.domains.integerring', 'sympy.polys.domains.characteristiczero', 'sympy.polys.domains.rationalfield', 'sympy.polys.domains.realfield', 'sympy.polys.domains.mpelements', 'sympy.polys.domains.complexfield', 'sympy.polys.domains.pythonfinitefield', 'sympy.polys.domains.pythonintegerring', 'sympy.polys.domains.gmpyfinitefield', 'sympy.polys.domains.gmpyintegerring', 'sympy.polys.domains.pythonrationalfield', 'sympy.polys.domains.gmpyrationalfield', 'sympy.polys.domains.algebraicfield', 'sympy.polys.domains.polynomialring', 'sympy.polys.domains.compositedomain', 'sympy.polys.domains.fractionfield', 'sympy.polys.domains.expressiondomain', 'sympy.polys.constructor', 'sympy.polys.polyfuncs', 'sympy.polys.specialpolys', 'sympy.functions', 'sympy.functions.combinatorial', 'sympy.functions.combinatorial.factorials', 'sympy.functions.combinatorial.numbers', 'sympy.functions.elementary', 'sympy.functions.elementary.complexes', 'sympy.functions.elementary.miscellaneous', 'sympy.functions.elementary.integers', 'sympy.functions.elementary.piecewise', 'sympy.functions.elementary.exponential', 'sympy.functions.elementary.trigonometric', 'sympy.functions.elementary.hyperbolic', 'sympy.utilities.memoization', 'sympy.functions.special', 'sympy.functions.special.gamma_functions', 'sympy.functions.special.zeta_functions', 'sympy.functions.special.error_functions', 'sympy.functions.special.hyper', 'sympy.functions.special.tensor_functions', 'sympy.functions.special.delta_functions', 'sympy.functions.special.elliptic_integrals', 'sympy.functions.special.beta_functions', 'sympy.functions.special.mathieu_functions', 'sympy.functions.special.singularity_functions', 'sympy.functions.special.polynomials', 'sympy.polys.orthopolys', 'sympy.functions.special.bsplines', 'sympy.functions.special.bessel', 'sympy.functions.special.spherical_harmonics', 'sympy.polys.rings', 'sympy.polys.heuristicgcd', 'sympy.polys.compatibility', 'sympy.utilities.magic', 'sympy.polys.numberfields', 'sympy.polys.rootoftools', 'sympy.polys.polyroots', 'sympy.polys.polyquinticconst', 'sympy.simplify', 'sympy.simplify.simplify', 'sympy.simplify.radsimp', 'sympy.simplify.sqrtdenest', 'sympy.simplify.trigsimp', 'sympy.strategies', 'sympy.strategies.rl', 'sympy.strategies.util', 'sympy.strategies.traverse', 'sympy.strategies.core', 'sympy.strategies.tools', 'sympy.strategies.branch', 'sympy.strategies.branch.traverse', 'sympy.strategies.branch.core', 'sympy.strategies.branch.tools', 'sympy.strategies.tree', 'sympy.simplify.powsimp', 'sympy.simplify.cse_opts', 'sympy.simplify.combsimp', 'sympy.simplify.gammasimp', 'sympy.simplify.fu', 'sympy.simplify.cse_main', 'sympy.simplify.traversaltools', 'sympy.simplify.epathtools', 'sympy.simplify.hyperexpand', 'sympy.series', 'sympy.series.order', 'sympy.series.limits', 'sympy.series.gruntz', 'sympy.simplify.ratsimp', 'sympy.series.series', 'sympy.series.approximants', 'sympy.series.residues', 'sympy.series.sequences', 'sympy.tensor', 'sympy.tensor.indexed', 'sympy.tensor.index_methods', 'sympy.tensor.array', 'sympy.tensor.array.dense_ndim_array', 'sympy.tensor.array.mutable_ndim_array', 'sympy.tensor.array.ndim_array', 'sympy.tensor.array.sparse_ndim_array', 'sympy.tensor.array.arrayop', 'sympy.series.fourier', 'sympy.series.series_class', 'sympy.series.formal', 'sympy.series.limitseq', 'sympy.polys.ring_series', 'sympy.printing.lambdarepr', 'sympy.polys.partfrac', 'sympy.matrices', 'sympy.matrices.matrices', 'sympy.matrices.common', 'sympy.matrices.dense', 'sympy.matrices.sparse', 'sympy.matrices.immutable', 'sympy.matrices.expressions', 'sympy.matrices.expressions.slice', 'sympy.matrices.expressions.matexpr', 'sympy.matrices.expressions.matmul', 'sympy.matrices.expressions.transpose', 'sympy.matrices.expressions.matadd', 'sympy.matrices.expressions.matpow', 'sympy.matrices.expressions.inverse', 'sympy.matrices.expressions.blockmatrix', 'sympy.matrices.expressions.trace', 'sympy.matrices.expressions.determinant', 'sympy.matrices.expressions.funcmatrix', 'sympy.matrices.expressions.adjoint', 'sympy.matrices.expressions.hadamard', 'sympy.matrices.expressions.diagonal', 'sympy.matrices.expressions.dotproduct', 'sympy.matrices.expressions.kronecker', 'sympy.polys.fields', 'sympy.concrete', 'sympy.concrete.products', 'sympy.concrete.expr_with_intlimits', 'sympy.concrete.expr_with_limits', 'sympy.concrete.summations', 'sympy.calculus', 'sympy.calculus.euler', 'sympy.calculus.singularities', 'sympy.solvers', 'sympy.solvers.solvers', 'sympy.integrals', 'sympy.integrals.integrals', 'sympy.integrals.manualintegrate', 'sympy.integrals.trigonometry', 'sympy.integrals.meijerint', 'sympy.integrals.transforms', 'sympy.solvers.inequalities', 'sympy.integrals.singularityfunctions', 'sympy.solvers.polysys', 'sympy.solvers.bivariate', 'sympy.solvers.diophantine', 'sympy.solvers.solveset', 'sympy.calculus.util', 'sympy.solvers.recurr', 'sympy.solvers.ode', 'sympy.solvers.pde', 'sympy.solvers.deutils', 'sympy.solvers.decompogen', 'sympy.calculus.finite_diff', 'sympy.concrete.gosper', 'sympy.discrete', 'sympy.discrete.transforms', 'sympy.discrete.convolutions', 'sympy.geometry', 'sympy.geometry.point', 'sympy.geometry.exceptions', 'sympy.geometry.entity', 'sympy.sets.handlers', 'sympy.sets.handlers.union', 'sympy.sets.handlers.intersection', 'sympy.geometry.line', 'sympy.geometry.plane', 'sympy.geometry.ellipse', 'sympy.geometry.util', 'sympy.geometry.polygon', 'sympy.geometry.curve', 'sympy.geometry.parabola', 'sympy.parsing', 'sympy.algebras', 'sympy.algebras.quaternion', 'sympy.plotting', 'sympy.plotting.plot', 'sympy.plotting.experimental_lambdify', 'sympy.plotting.textplot', 'sympy.plotting.plot_implicit', 'sympy.plotting.intervalmath', 'sympy.plotting.intervalmath.interval_arithmetic', 'sympy.plotting.intervalmath.lib_interval', 'sympy.plotting.pygletplot', 'sympy.interactive', 'sympy.interactive.printing', 'sympy.interactive.session', 'sympy.deprecated', 'sympy.deprecated.class_registry', 'DynaPy.DpOutputDMF', 'DynaPy.DpPltCanvas', 'matplotlib', 'matplotlib.cbook', 'matplotlib.cbook.deprecation', 'matplotlib.rcsetup', 'matplotlib.fontconfig_pattern', 'pyparsing', 'matplotlib.colors', 'matplotlib._color_data', 'cycler', 'six', 'six.moves', 'matplotlib._version', 'dateutil', 'dateutil._version']
matplotlib: DEBUG: CACHEDIR=C:\Users\Lucas\.matplotlib
matplotlib.font_manager: DEBUG: Using fontManager instance from C:\Users\Lucas\.matplotlib\fontlist-v300.json
--------------------- >> end captured logging << ---------------------]]></error></testcase></testsuite>